2022-02-25 20:56:03.706  INFO 8368 --- [restartedMain] com.hjh.BlogApplication                  : Starting BlogApplication using Java 1.8.0_301 on LAPTOP-K7TIRG66 with PID 8368 (C:\hjh\Project\blog\blog\target\classes started by XHui in C:\hjh\Project\blog\blog)
2022-02-25 20:56:03.706  INFO 8368 --- [restartedMain] com.hjh.BlogApplication                  : The following profiles are active: pro
2022-02-25 20:56:07.831  WARN 8368 --- [restartedMain] JpaBaseConfiguration$JpaWebConfiguration : spring.jpa.open-in-view is enabled by default. Therefore, database queries may be performed during view rendering. Explicitly configure spring.jpa.open-in-view to disable this warning
2022-02-25 20:56:08.456  INFO 8368 --- [restartedMain] com.hjh.BlogApplication                  : Started BlogApplication in 5.14 seconds (JVM running for 10.677)
2022-02-25 20:56:29.882  INFO 8368 --- [http-nio-8081-exec-1] com.hjh.aspect.LogAspect                 : Request : RequestLog{url='http://localhost:8081/', ip='0:0:0:0:0:0:0:1', classMethod='com.hjh.controller.IndexController.index', args=[Page request [number: 0, size 7, sort: updateTime: DESC], {}]}
2022-02-25 20:56:30.256  WARN 8368 --- [http-nio-8081-exec-1] org.hibernate.orm.deprecation            : HHH90000016: Found use of deprecated 'collection property' syntax in HQL/JPQL query [t.blogs.size]; use collection function syntax instead [size(t.blogs)].
2022-02-25 20:56:30.367  WARN 8368 --- [http-nio-8081-exec-1] org.hibernate.orm.deprecation            : HHH90000016: Found use of deprecated 'collection property' syntax in HQL/JPQL query [t.blogs.size]; use collection function syntax instead [size(t.blogs)].
2022-02-25 20:56:30.562  INFO 8368 --- [http-nio-8081-exec-1] com.hjh.aspect.LogAspect                 : Result : index
2022-02-25 20:56:31.312  INFO 8368 --- [http-nio-8081-exec-7] com.hjh.aspect.LogAspect                 : Request : RequestLog{url='http://localhost:8081/', ip='0:0:0:0:0:0:0:1', classMethod='com.hjh.controller.IndexController.index', args=[Page request [number: 0, size 7, sort: updateTime: DESC], {}]}
2022-02-25 20:56:31.897  INFO 8368 --- [http-nio-8081-exec-7] com.hjh.aspect.LogAspect                 : Result : index
2022-02-25 20:56:44.110  INFO 8368 --- [http-nio-8081-exec-10] com.hjh.aspect.LogAspect                 : Request : RequestLog{url='http://localhost:8081/types/-1', ip='0:0:0:0:0:0:0:1', classMethod='com.hjh.controller.TypeController.BlogsByTypeId', args=[Page request [number: 0, size 6, sort: updateTime: DESC], -1, {}]}
2022-02-25 20:56:44.370  INFO 8368 --- [http-nio-8081-exec-10] com.hjh.aspect.LogAspect                 : Result : types
2022-02-25 20:56:44.818  INFO 8368 --- [http-nio-8081-exec-1] com.hjh.aspect.LogAspect                 : Request : RequestLog{url='http://localhost:8081/types/-1', ip='0:0:0:0:0:0:0:1', classMethod='com.hjh.controller.TypeController.BlogsByTypeId', args=[Page request [number: 0, size 6, sort: updateTime: DESC], -1, {}]}
2022-02-25 20:56:45.044  INFO 8368 --- [http-nio-8081-exec-1] com.hjh.aspect.LogAspect                 : Result : types
2022-02-25 20:56:46.303  INFO 8368 --- [http-nio-8081-exec-7] com.hjh.aspect.LogAspect                 : Request : RequestLog{url='http://localhost:8081/', ip='0:0:0:0:0:0:0:1', classMethod='com.hjh.controller.IndexController.index', args=[Page request [number: 0, size 7, sort: updateTime: DESC], {}]}
2022-02-25 20:56:46.868  INFO 8368 --- [http-nio-8081-exec-7] com.hjh.aspect.LogAspect                 : Result : index
2022-02-25 20:56:47.305  INFO 8368 --- [http-nio-8081-exec-9] com.hjh.aspect.LogAspect                 : Request : RequestLog{url='http://localhost:8081/', ip='0:0:0:0:0:0:0:1', classMethod='com.hjh.controller.IndexController.index', args=[Page request [number: 0, size 7, sort: updateTime: DESC], {}]}
2022-02-25 20:56:47.844  INFO 8368 --- [http-nio-8081-exec-9] com.hjh.aspect.LogAspect                 : Result : index
2022-02-25 21:01:31.256  INFO 17604 --- [main] com.hjh.BlogApplicationTests             : Starting BlogApplicationTests using Java 11.0.13 on LAPTOP-K7TIRG66 with PID 17604 (started by XHui in C:\hjh\Project\blog\blog)
2022-02-25 21:01:31.256  INFO 17604 --- [main] com.hjh.BlogApplicationTests             : The following profiles are active: pro
2022-02-25 21:01:35.306  WARN 17604 --- [main] JpaBaseConfiguration$JpaWebConfiguration : spring.jpa.open-in-view is enabled by default. Therefore, database queries may be performed during view rendering. Explicitly configure spring.jpa.open-in-view to disable this warning
2022-02-25 21:01:36.125  INFO 17604 --- [main] com.hjh.BlogApplicationTests             : Started BlogApplicationTests in 5.15 seconds (JVM running for 5.93)
